2021-07-04 14:32:05,085-INFO-driver == None,初始化driver
2021-07-04 14:32:22,080-DEBUG-页面入口方法
2021-07-04 14:32:22,080-DEBUG-主页面，操作点击通讯录
2021-07-04 14:32:22,081-INFO-本次隐式等待时间：10 秒
2021-07-04 14:32:22,084-INFO-定位方式：xpath，定位内容：//*[@text="通讯录"]
2021-07-04 14:32:23,358-DEBUG-click 点击添加成员操作按钮，进入添加成员页面
2021-07-04 14:32:23,358-INFO-本次隐式等待时间：5 秒
2021-07-04 14:32:23,363-DEBUG-开始滑动查找：添加成员按钮
2021-07-04 14:32:23,364-INFO-滑动查找，定位内容：添加成员，滑动次数：4
2021-07-04 14:32:23,364-INFO-滑动0次后查找元素
2021-07-04 14:32:23,365-INFO-定位方式：xpath，定位内容：//*[@text='添加成员']
2021-07-04 14:32:30,803-ERROR-Error 没有查询到元素
2021-07-04 14:32:30,820-DEBUG-手机屏幕 宽：1080,长：1920
2021-07-04 14:32:30,821-INFO-Error 未找到元素，滑动第1次
2021-07-04 14:32:30,821-DEBUG-滑动 初始值x：540.0， 初始值 y：1536.0
2021-07-04 14:32:30,821-DEBUG-滑动后 x：540.0，y：384.0，滑动动画时间：2.0秒
2021-07-04 14:32:32,544-INFO-滑动1次后查找元素
2021-07-04 14:32:32,545-INFO-定位方式：xpath，定位内容：//*[@text='添加成员']
2021-07-04 14:32:32,750-DEBUG-click 手动输入添加按钮，进入编辑成员页面
2021-07-04 14:32:32,751-INFO-定位方式：xpath，定位内容：//*[@text="手动输入添加"]
2021-07-04 14:32:34,071-DEBUG-避免两个类互相导包造成异常，在方法局部内导包：test_appium.homework.page.edit_contact_page
2021-07-04 14:32:34,071-DEBUG-进入成员编辑页面，输入姓名、电话号码，点击保存后；再跳转页面
2021-07-04 14:32:34,071-DEBUG-输入的姓名：test1，手机号码：131606000001
2021-07-04 14:32:34,071-INFO-本次隐式等待时间：10 秒
2021-07-04 14:32:34,077-INFO-定位方式：xpath，定位内容：//*[contains(@text,"姓名")]/..//*[@class="android.widget.EditText"]
2021-07-04 14:32:35,165-INFO-定位方式：xpath，定位内容：//*[contains(@text,"+86")]/../..//*[@class="android.widget.EditText"]
2021-07-04 14:32:35,289-INFO-定位方式：xpath，定位内容：//*[@text="保存"]
2021-07-04 14:32:35,378-DEBUG-避免两个类互相导包造成异常，在方法局部内导包：test_appium.homework.page.add_member_page
2021-07-04 14:32:35,378-DEBUG-返回上一页面,获取toast弹框 文本，进行断言
2021-07-04 14:32:35,378-DEBUG-因为添加成功的toast提示是一瞬间显示后消失，这里需要用显示等待获取元素
2021-07-04 14:32:35,379-INFO-定位方式：xpath，定位内容：//*[@text='添加成功']
2021-07-04 14:32:36,393-INFO-定位方式：xpath，定位内容：//*[@text='添加成功']
2021-07-04 14:32:36,493-INFO-判断实际结果添加成功 是否等于== 预期结果添加成功
2021-07-04 14:32:36,496-DEBUG-已初始化过Driver,现在复用Driver
2021-07-04 14:32:36,497-DEBUG-重新启动APP
2021-07-04 14:32:41,696-DEBUG-页面入口方法
2021-07-04 14:32:41,697-DEBUG-主页面，操作点击通讯录
2021-07-04 14:32:41,698-INFO-本次隐式等待时间：10 秒
2021-07-04 14:32:41,703-INFO-定位方式：xpath，定位内容：//*[@text="通讯录"]
2021-07-04 14:32:42,913-DEBUG-click 点击添加成员操作按钮，进入添加成员页面
2021-07-04 14:32:42,913-INFO-本次隐式等待时间：5 秒
2021-07-04 14:32:42,917-DEBUG-开始滑动查找：添加成员按钮
2021-07-04 14:32:42,917-INFO-滑动查找，定位内容：添加成员，滑动次数：4
2021-07-04 14:32:42,917-INFO-滑动0次后查找元素
2021-07-04 14:32:42,917-INFO-定位方式：xpath，定位内容：//*[@text='添加成员']
2021-07-04 14:32:51,192-ERROR-Error 没有查询到元素
2021-07-04 14:32:51,207-DEBUG-手机屏幕 宽：1080,长：1920
2021-07-04 14:32:51,208-INFO-Error 未找到元素，滑动第1次
2021-07-04 14:32:51,208-DEBUG-滑动 初始值x：540.0， 初始值 y：1536.0
2021-07-04 14:32:51,208-DEBUG-滑动后 x：540.0，y：384.0，滑动动画时间：2.0秒
2021-07-04 14:32:53,019-INFO-滑动1次后查找元素
2021-07-04 14:32:53,019-INFO-定位方式：xpath，定位内容：//*[@text='添加成员']
2021-07-04 14:32:53,277-DEBUG-click 手动输入添加按钮，进入编辑成员页面
2021-07-04 14:32:53,277-INFO-定位方式：xpath，定位内容：//*[@text="手动输入添加"]
2021-07-04 14:32:54,643-DEBUG-避免两个类互相导包造成异常，在方法局部内导包：test_appium.homework.page.edit_contact_page
2021-07-04 14:32:54,643-DEBUG-进入成员编辑页面，输入姓名、电话号码，点击保存后；再跳转页面
2021-07-04 14:32:54,644-DEBUG-输入的姓名：test2，手机号码：13160600002
2021-07-04 14:32:54,644-INFO-本次隐式等待时间：10 秒
2021-07-04 14:32:54,648-INFO-定位方式：xpath，定位内容：//*[contains(@text,"姓名")]/..//*[@class="android.widget.EditText"]
2021-07-04 14:32:55,712-INFO-定位方式：xpath，定位内容：//*[contains(@text,"+86")]/../..//*[@class="android.widget.EditText"]
2021-07-04 14:32:55,814-INFO-定位方式：xpath，定位内容：//*[@text="保存"]
2021-07-04 14:32:55,921-DEBUG-避免两个类互相导包造成异常，在方法局部内导包：test_appium.homework.page.add_member_page
2021-07-04 14:32:55,921-DEBUG-返回上一页面,获取toast弹框 文本，进行断言
2021-07-04 14:32:55,921-DEBUG-因为添加成功的toast提示是一瞬间显示后消失，这里需要用显示等待获取元素
2021-07-04 14:32:55,922-INFO-定位方式：xpath，定位内容：//*[@text='添加成功']
2021-07-04 14:32:56,849-INFO-定位方式：xpath，定位内容：//*[@text='添加成功']
2021-07-04 14:32:56,941-INFO-判断实际结果添加成功 是否等于== 预期结果添加成功
2021-07-04 14:32:56,944-DEBUG-已初始化过Driver,现在复用Driver
2021-07-04 14:32:56,945-DEBUG-重新启动APP
2021-07-04 14:33:02,352-DEBUG-页面入口方法
2021-07-04 14:33:02,353-DEBUG-主页面，操作点击通讯录
2021-07-04 14:33:02,354-INFO-本次隐式等待时间：10 秒
2021-07-04 14:33:02,361-INFO-定位方式：xpath，定位内容：//*[@text="通讯录"]
2021-07-04 14:33:03,689-DEBUG-在通行录页面，点击“搜索”图标按钮
2021-07-04 14:33:03,689-INFO-本次隐式等待时间：5 秒
2021-07-04 14:33:03,693-INFO-定位方式：id，定位内容：com.tencent.wework:id/hci
2021-07-04 14:33:04,541-DEBUG-跳转到通讯录查询页面
2021-07-04 14:33:04,541-DEBUG-通讯录页面查询成员姓名，点击成员列表按钮，然后进入个人信息页面
2021-07-04 14:33:04,541-INFO-本次隐式等待时间：10 秒
2021-07-04 14:33:04,547-DEBUG-定位搜索输入框元素，然后输入成员姓名：test1
2021-07-04 14:33:04,548-INFO-定位方式：id，定位内容：com.tencent.wework:id/g5f
2021-07-04 14:33:05,598-DEBUG-通过公司名字找上级再通过成员姓名定位，点击按钮
2021-07-04 14:33:05,599-INFO-定位方式：xpath，定位内容：//*[contains(@text,"测试公司")]/../..//*[@text="test1"]
2021-07-04 14:33:07,327-DEBUG-进入成员个人信息页面
2021-07-04 14:33:07,327-DEBUG-个人信息页面，点击“编辑成员”按钮
2021-07-04 14:33:07,327-INFO-本次隐式等待时间：5 秒
2021-07-04 14:33:07,332-INFO-定位方式：id，定位内容：com.tencent.wework:id/hc9
2021-07-04 14:33:08,231-INFO-定位方式：xpath，定位内容：//*[@text="编辑成员"]
2021-07-04 14:33:09,454-DEBUG-进入成员编辑页面
2021-07-04 14:33:09,454-DEBUG-从个人信息页面进入编辑页面，查询删除按钮，点击删除按钮，跳转返回上一个页面
2021-07-04 14:33:09,454-INFO-本次隐式等待时间：5 秒
2021-07-04 14:33:09,459-DEBUG-滑动查找“删除成员”按钮
2021-07-04 14:33:09,459-INFO-滑动查找，定位内容：删除成员，滑动次数：4
2021-07-04 14:33:09,460-INFO-滑动0次后查找元素
2021-07-04 14:33:09,460-INFO-定位方式：xpath，定位内容：//*[@text='删除成员']
2021-07-04 14:33:17,491-ERROR-Error 没有查询到元素
2021-07-04 14:33:17,503-DEBUG-手机屏幕 宽：1080,长：1920
2021-07-04 14:33:17,504-INFO-Error 未找到元素，滑动第1次
2021-07-04 14:33:17,504-DEBUG-滑动 初始值x：540.0， 初始值 y：1536.0
2021-07-04 14:33:17,504-DEBUG-滑动后 x：540.0，y：384.0，滑动动画时间：2.0秒
2021-07-04 14:33:19,250-INFO-滑动1次后查找元素
2021-07-04 14:33:19,250-INFO-定位方式：xpath，定位内容：//*[@text='删除成员']
2021-07-04 14:33:19,485-DEBUG-点击完删除成员按钮后，会弹出toast提示框，让用户再次确认是否删除
2021-07-04 14:33:19,485-DEBUG-这里需要显示等待toast提示框弹出在进行点击
2021-07-04 14:33:19,485-INFO-定位方式：xpath，定位内容：//*[@text="删除成员"]/../..//*[@text="确定"]
2021-07-04 14:33:20,483-INFO-定位方式：xpath，定位内容：//*[@text="删除成员"]/../..//*[@text="确定"]
2021-07-04 14:33:20,557-DEBUG-避免两个类互相导包造成异常，在方法局部内导包：test_appium.homework.page.contact_search_page
2021-07-04 14:33:20,558-DEBUG-通讯录页面查询成员信息，断言判断成员是否删除成功
2021-07-04 14:33:20,558-INFO-本次隐式等待时间：10 秒
2021-07-04 14:33:20,563-DEBUG-定位搜索输入框元素，然后输入成员姓名：test1
2021-07-04 14:33:20,564-INFO-定位方式：id，定位内容：com.tencent.wework:id/g5f
2021-07-04 14:33:21,610-INFO-定位方式：xpath，定位内容：//*[@text="无搜索结果"]
2021-07-04 14:33:21,891-INFO-判断实际结果无搜索结果 是否等于== 预期结果无搜索结果
2021-07-04 14:33:21,894-DEBUG-已初始化过Driver,现在复用Driver
2021-07-04 14:33:21,895-DEBUG-重新启动APP
2021-07-04 14:33:27,149-DEBUG-页面入口方法
2021-07-04 14:33:27,150-DEBUG-主页面，操作点击通讯录
2021-07-04 14:33:27,151-INFO-本次隐式等待时间：10 秒
2021-07-04 14:33:27,156-INFO-定位方式：xpath，定位内容：//*[@text="通讯录"]
2021-07-04 14:33:28,416-DEBUG-在通行录页面，点击“搜索”图标按钮
2021-07-04 14:33:28,417-INFO-本次隐式等待时间：5 秒
2021-07-04 14:33:28,420-INFO-定位方式：id，定位内容：com.tencent.wework:id/hci
2021-07-04 14:33:28,889-DEBUG-跳转到通讯录查询页面
2021-07-04 14:33:28,890-DEBUG-通讯录页面查询成员姓名，点击成员列表按钮，然后进入个人信息页面
2021-07-04 14:33:28,890-INFO-本次隐式等待时间：10 秒
2021-07-04 14:33:28,893-DEBUG-定位搜索输入框元素，然后输入成员姓名：test2
2021-07-04 14:33:28,894-INFO-定位方式：id，定位内容：com.tencent.wework:id/g5f
2021-07-04 14:33:29,943-DEBUG-通过公司名字找上级再通过成员姓名定位，点击按钮
2021-07-04 14:33:29,943-INFO-定位方式：xpath，定位内容：//*[contains(@text,"测试公司")]/../..//*[@text="test2"]
2021-07-04 14:33:31,720-DEBUG-进入成员个人信息页面
2021-07-04 14:33:31,720-DEBUG-个人信息页面，点击“编辑成员”按钮
2021-07-04 14:33:31,720-INFO-本次隐式等待时间：5 秒
2021-07-04 14:33:31,726-INFO-定位方式：id，定位内容：com.tencent.wework:id/hc9
2021-07-04 14:33:32,708-INFO-定位方式：xpath，定位内容：//*[@text="编辑成员"]
2021-07-04 14:33:33,918-DEBUG-进入成员编辑页面
2021-07-04 14:33:33,919-DEBUG-从个人信息页面进入编辑页面，查询删除按钮，点击删除按钮，跳转返回上一个页面
2021-07-04 14:33:33,919-INFO-本次隐式等待时间：5 秒
2021-07-04 14:33:33,923-DEBUG-滑动查找“删除成员”按钮
2021-07-04 14:33:33,923-INFO-滑动查找，定位内容：删除成员，滑动次数：4
2021-07-04 14:33:33,924-INFO-滑动0次后查找元素
2021-07-04 14:33:33,924-INFO-定位方式：xpath，定位内容：//*[@text='删除成员']
2021-07-04 14:33:41,991-ERROR-Error 没有查询到元素
2021-07-04 14:33:42,004-DEBUG-手机屏幕 宽：1080,长：1920
2021-07-04 14:33:42,004-INFO-Error 未找到元素，滑动第1次
2021-07-04 14:33:42,005-DEBUG-滑动 初始值x：540.0， 初始值 y：1536.0
2021-07-04 14:33:42,005-DEBUG-滑动后 x：540.0，y：384.0，滑动动画时间：2.0秒
2021-07-04 14:33:43,734-INFO-滑动1次后查找元素
2021-07-04 14:33:43,734-INFO-定位方式：xpath，定位内容：//*[@text='删除成员']
2021-07-04 14:33:43,996-DEBUG-点击完删除成员按钮后，会弹出toast提示框，让用户再次确认是否删除
2021-07-04 14:33:43,996-DEBUG-这里需要显示等待toast提示框弹出在进行点击
2021-07-04 14:33:43,996-INFO-定位方式：xpath，定位内容：//*[@text="删除成员"]/../..//*[@text="确定"]
2021-07-04 14:33:45,054-INFO-定位方式：xpath，定位内容：//*[@text="删除成员"]/../..//*[@text="确定"]
2021-07-04 14:33:45,120-DEBUG-避免两个类互相导包造成异常，在方法局部内导包：test_appium.homework.page.contact_search_page
2021-07-04 14:33:45,120-DEBUG-通讯录页面查询成员信息，断言判断成员是否删除成功
2021-07-04 14:33:45,120-INFO-本次隐式等待时间：10 秒
2021-07-04 14:33:45,124-DEBUG-定位搜索输入框元素，然后输入成员姓名：test2
2021-07-04 14:33:45,125-INFO-定位方式：id，定位内容：com.tencent.wework:id/g5f
2021-07-04 14:33:46,300-INFO-定位方式：xpath，定位内容：//*[@text="无搜索结果"]
2021-07-04 14:33:46,380-INFO-判断实际结果无搜索结果 是否等于== 预期结果无搜索结果
2021-07-04 14:33:46,381-DEBUG-停止，退出APP
